[33mWARNING[0m:  [12-10-2024 15:35:05] chroma_server_nofile is not supported on Windows. chroma_server_nofile will not be set.
[32mINFO[0m:     [12-10-2024 15:35:05] Anonymized telemetry enabled. See                     https://docs.trychroma.com/telemetry for more information.
[36mDEBUG[0m:    [12-10-2024 15:35:05] Starting component System
[36mDEBUG[0m:    [12-10-2024 15:35:05] Starting component OpenTelemetryClient
[36mDEBUG[0m:    [12-10-2024 15:35:05] Starting component SimpleAssignmentPolicy
[36mDEBUG[0m:    [12-10-2024 15:35:05] Starting component SqliteDB
[36mDEBUG[0m:    [12-10-2024 15:35:05] Starting component QuotaEnforcer
[36mDEBUG[0m:    [12-10-2024 15:35:05] Starting component Posthog
[36mDEBUG[0m:    [12-10-2024 15:35:05] Starting component LocalSegmentManager
[36mDEBUG[0m:    [12-10-2024 15:35:05] Starting component SegmentAPI
[32mINFO[0m:     [12-10-2024 15:35:05] Started server process [[36m4652[0m]
[32mINFO[0m:     [12-10-2024 15:35:05] Waiting for application startup.
[32mINFO[0m:     [12-10-2024 15:35:05] Application startup complete.
[32mINFO[0m:     [12-10-2024 15:35:05] Uvicorn running on [1mhttp://localhost:8080[0m (Press CTRL+C to quit)
[32mINFO[0m:     [12-10-2024 15:36:09] ::1:49778 - "GET / HTTP/1.1" 404
[32mINFO[0m:     [12-10-2024 15:38:00] Shutting down
[32mINFO[0m:     [12-10-2024 15:38:00] Waiting for application shutdown.
[36mDEBUG[0m:    [12-10-2024 15:38:00] Stopping component System
[36mDEBUG[0m:    [12-10-2024 15:38:00] Stopping component SegmentAPI
[36mDEBUG[0m:    [12-10-2024 15:38:00] Stopping component LocalSegmentManager
[36mDEBUG[0m:    [12-10-2024 15:38:00] Stopping component Posthog
[36mDEBUG[0m:    [12-10-2024 15:38:00] Stopping component QuotaEnforcer
[36mDEBUG[0m:    [12-10-2024 15:38:00] Stopping component SqliteDB
[36mDEBUG[0m:    [12-10-2024 15:38:00] Stopping component SimpleAssignmentPolicy
[36mDEBUG[0m:    [12-10-2024 15:38:00] Stopping component OpenTelemetryClient
[32mINFO[0m:     [12-10-2024 15:38:00] Application shutdown complete.
[32mINFO[0m:     [12-10-2024 15:38:00] Finished server process [[36m4652[0m]
[33mWARNING[0m:  [12-10-2024 15:38:19] chroma_server_nofile is not supported on Windows. chroma_server_nofile will not be set.
[32mINFO[0m:     [12-10-2024 15:38:19] Anonymized telemetry enabled. See                     https://docs.trychroma.com/telemetry for more information.
[36mDEBUG[0m:    [12-10-2024 15:38:19] Starting component System
[36mDEBUG[0m:    [12-10-2024 15:38:19] Starting component OpenTelemetryClient
[36mDEBUG[0m:    [12-10-2024 15:38:19] Starting component SimpleAssignmentPolicy
[36mDEBUG[0m:    [12-10-2024 15:38:19] Starting component SqliteDB
[36mDEBUG[0m:    [12-10-2024 15:38:19] Starting component QuotaEnforcer
[36mDEBUG[0m:    [12-10-2024 15:38:19] Starting component Posthog
[36mDEBUG[0m:    [12-10-2024 15:38:19] Starting component LocalSegmentManager
[36mDEBUG[0m:    [12-10-2024 15:38:19] Starting component SegmentAPI
[32mINFO[0m:     [12-10-2024 15:38:20] Started server process [[36m10656[0m]
[32mINFO[0m:     [12-10-2024 15:38:20] Waiting for application startup.
[32mINFO[0m:     [12-10-2024 15:38:20] Application startup complete.
[32mINFO[0m:     [12-10-2024 15:38:20] Uvicorn running on [1mhttp://localhost:8080[0m (Press CTRL+C to quit)
[32mINFO[0m:     [12-10-2024 15:38:24] ::1:49940 - "GET / HTTP/1.1" 404
[32mINFO[0m:     [12-10-2024 15:39:43] Shutting down
[32mINFO[0m:     [12-10-2024 15:39:43] Waiting for application shutdown.
[36mDEBUG[0m:    [12-10-2024 15:39:43] Stopping component System
[36mDEBUG[0m:    [12-10-2024 15:39:43] Stopping component SegmentAPI
[36mDEBUG[0m:    [12-10-2024 15:39:43] Stopping component LocalSegmentManager
[36mDEBUG[0m:    [12-10-2024 15:39:43] Stopping component Posthog
[36mDEBUG[0m:    [12-10-2024 15:39:43] Stopping component QuotaEnforcer
[36mDEBUG[0m:    [12-10-2024 15:39:43] Stopping component SqliteDB
[36mDEBUG[0m:    [12-10-2024 15:39:43] Stopping component SimpleAssignmentPolicy
[36mDEBUG[0m:    [12-10-2024 15:39:43] Stopping component OpenTelemetryClient
[32mINFO[0m:     [12-10-2024 15:39:43] Application shutdown complete.
[32mINFO[0m:     [12-10-2024 15:39:43] Finished server process [[36m10656[0m]
[33mWARNING[0m:  [12-10-2024 15:39:52] chroma_server_nofile is not supported on Windows. chroma_server_nofile will not be set.
[32mINFO[0m:     [12-10-2024 15:39:52] Anonymized telemetry enabled. See                     https://docs.trychroma.com/telemetry for more information.
[36mDEBUG[0m:    [12-10-2024 15:39:52] Starting component System
[36mDEBUG[0m:    [12-10-2024 15:39:52] Starting component OpenTelemetryClient
[36mDEBUG[0m:    [12-10-2024 15:39:52] Starting component SimpleAssignmentPolicy
[36mDEBUG[0m:    [12-10-2024 15:39:52] Starting component SqliteDB
[36mDEBUG[0m:    [12-10-2024 15:39:52] Starting component QuotaEnforcer
[36mDEBUG[0m:    [12-10-2024 15:39:52] Starting component Posthog
[36mDEBUG[0m:    [12-10-2024 15:39:52] Starting component LocalSegmentManager
[36mDEBUG[0m:    [12-10-2024 15:39:52] Starting component SegmentAPI
[32mINFO[0m:     [12-10-2024 15:39:52] Started server process [[36m28260[0m]
[32mINFO[0m:     [12-10-2024 15:39:52] Waiting for application startup.
[32mINFO[0m:     [12-10-2024 15:39:52] Application startup complete.
[32mINFO[0m:     [12-10-2024 15:39:52] Uvicorn running on [1mhttp://localhost:8080[0m (Press CTRL+C to quit)
[32mINFO[0m:     [12-10-2024 15:49:06] ::1:53889 - "GET / HTTP/1.1" 404
[32mINFO[0m:     [12-10-2024 15:54:20] ::1:54376 - "GET / HTTP/1.1" 404
[32mINFO[0m:     [12-10-2024 15:54:20] ::1:54376 - "GET /favicon.ico HTTP/1.1" 404
[32mINFO[0m:     [12-10-2024 15:54:44] ::1:54416 - "GET / HTTP/1.1" 404
[32mINFO[0m:     [12-10-2024 15:54:44] ::1:54416 - "GET /favicon.ico HTTP/1.1" 404
